<?xml version="1.0" encoding="UTF-8"?>
<testng-results ignored="0" total="2" passed="2" failed="0" skipped="0">
  <reporter-output>
  </reporter-output>
  <suite started-at="2020-03-31T15:45:50 IST" name="Default suite" finished-at="2020-03-31T15:45:50 IST" duration-ms="141">
    <groups>
    </groups>
    <test started-at="2020-03-31T15:45:50 IST" name="Default test" finished-at="2020-03-31T15:45:50 IST" duration-ms="141">
      <class name="com.HomePage.test.HomePageTest">
        <test-method signature="homePage()[pri:0, instance:com.HomePage.test.HomePageTest@762ef0ea]" started-at="2020-03-31T15:45:50 IST" name="homePage" finished-at="2020-03-31T15:45:50 IST" duration-ms="42" status="PASS">
          <reporter-output>
          </reporter-output>
        </test-method> <!-- homePage -->
        <test-method signature="homePageLinks()[pri:0, instance:com.HomePage.test.HomePageTest@762ef0ea]" started-at="2020-03-31T15:45:50 IST" name="homePageLinks" finished-at="2020-03-31T15:45:50 IST" duration-ms="2" status="PASS">
          <reporter-output>
          </reporter-output>
        </test-method> <!-- homePageLinks -->
      </class> <!-- com.HomePage.test.HomePageTest -->
    </test> <!-- Default test -->
  </suite> <!-- Default suite -->
</testng-results>
